<?xml version="1.0" encoding="utf-8"?><testsuites><testsuite name="pytest" errors="0" failures="1" skipped="0" tests="6" time="69.813" timestamp="2025-01-08T02:49:30.535974+05:30" hostname="BhaskarLohani"><testcase classname="Registration_test.TestRegistration" name="test_registration[getData0]" time="18.073"><failure message="selenium.common.exceptions.NoSuchElementException: Message: no such element: Unable to locate element: {&quot;method&quot;:&quot;css selector&quot;,&quot;selector&quot;:&quot;[id=&quot;id_gender1&quot;]&quot;}&#10;  (Session info: chrome=131.0.6778.140); For documentation on this error, please visit: https://www.selenium.dev/documentation/webdriver/troubleshooting/errors#no-such-element-exception&#10;Stacktrace:&#10;&#09;GetHandleVerifier [0x00007FF711756CC5+28821]&#10;&#09;(No symbol) [0x00007FF7116C3850]&#10;&#09;(No symbol) [0x00007FF71156578A]&#10;&#09;(No symbol) [0x00007FF7115B91BE]&#10;&#09;(No symbol) [0x00007FF7115B94AC]&#10;&#09;(No symbol) [0x00007FF711602647]&#10;&#09;(No symbol) [0x00007FF7115DF33F]&#10;&#09;(No symbol) [0x00007FF7115FF412]&#10;&#09;(No symbol) [0x00007FF7115DF0A3]&#10;&#09;(No symbol) [0x00007FF7115AA778]&#10;&#09;(No symbol) [0x00007FF7115AB8E1]&#10;&#09;GetHandleVerifier [0x00007FF711A8FCCD+3408029]&#10;&#09;GetHandleVerifier [0x00007FF711AA743F+3504143]&#10;&#09;GetHandleVerifier [0x00007FF711A9B61D+3455469]&#10;&#09;GetHandleVerifier [0x00007FF71181BDCB+835995]&#10;&#09;(No symbol) [0x00007FF7116CEB6F]&#10;&#09;(No symbol) [0x00007FF7116CA824]&#10;&#09;(No symbol) [0x00007FF7116CA9BD]&#10;&#09;(No symbol) [0x00007FF7116BA1A9]&#10;&#09;BaseThreadInitThunk [0x00007FFAE040259D+29]&#10;&#09;RtlUserThreadStart [0x00007FFAE0F2AF38+40]">self = &lt;test.Registration_test.TestRegistration object at 0x000001CB9EC07200&gt;
getData = {'Address': '123 Main St', 'Address2': 'Apt 4B', 'City': 'Los Angeles', 'Country': 'United States', ...}

    def test_registration(self,getData):
    
        UserRegistration = NewRegistration(self.driver)
        UserRegistration.getsignlogin().click()
        UserRegistration.getUserNAme().send_keys(getData["Name"])
        UserRegistration.getUserEmail().send_keys(getData["Email"])
        UserRegistration.getsignbutton().click()
&gt;       UserRegistration.gettitle().click()

Registration_test.py:28: 
_ _ _ _ _ _ _ _ _ _ _ _ _ _ _ _ _ _ _ _ _ _ _ _ _ _ _ _ _ _ _ _ _ _ _ _ _ _ _ _
..\pageobjects\NewUserRegistration.py:50: in gettitle
    return self.driver.find_element(*NewRegistration.title)
..\..\..\AppData\Local\Programs\Python\Python312\Lib\site-packages\selenium\webdriver\remote\webdriver.py:770: in find_element
    return self.execute(Command.FIND_ELEMENT, {"using": by, "value": value})["value"]
..\..\..\AppData\Local\Programs\Python\Python312\Lib\site-packages\selenium\webdriver\remote\webdriver.py:384: in execute
    self.error_handler.check_response(response)
_ _ _ _ _ _ _ _ _ _ _ _ _ _ _ _ _ _ _ _ _ _ _ _ _ _ _ _ _ _ _ _ _ _ _ _ _ _ _ _

self = &lt;selenium.webdriver.remote.errorhandler.ErrorHandler object at 0x000001CB9FD64B90&gt;
response = {'status': 404, 'value': '{"value":{"error":"no such element","message":"no such element: Unable to locate element: {\...07FF7116BA1A9]\\n\\tBaseThreadInitThunk [0x00007FFAE040259D+29]\\n\\tRtlUserThreadStart [0x00007FFAE0F2AF38+40]\\n"}}'}

    def check_response(self, response: Dict[str, Any]) -&gt; None:
        """Checks that a JSON response from the WebDriver does not have an
        error.
    
        :Args:
         - response - The JSON response from the WebDriver server as a dictionary
           object.
    
        :Raises: If the response contains an error message.
        """
        status = response.get("status", None)
        if not status or status == ErrorCode.SUCCESS:
            return
        value = None
        message = response.get("message", "")
        screen: str = response.get("screen", "")
        stacktrace = None
        if isinstance(status, int):
            value_json = response.get("value", None)
            if value_json and isinstance(value_json, str):
                import json
    
                try:
                    value = json.loads(value_json)
                    if len(value) == 1:
                        value = value["value"]
                    status = value.get("error", None)
                    if not status:
                        status = value.get("status", ErrorCode.UNKNOWN_ERROR)
                        message = value.get("value") or value.get("message")
                        if not isinstance(message, str):
                            value = message
                            message = message.get("message")
                    else:
                        message = value.get("message", None)
                except ValueError:
                    pass
    
        exception_class: Type[WebDriverException]
        e = ErrorCode()
        error_codes = [item for item in dir(e) if not item.startswith("__")]
        for error_code in error_codes:
            error_info = getattr(ErrorCode, error_code)
            if isinstance(error_info, list) and status in error_info:
                exception_class = getattr(ExceptionMapping, error_code, WebDriverException)
                break
        else:
            exception_class = WebDriverException
    
        if not value:
            value = response["value"]
        if isinstance(value, str):
            raise exception_class(value)
        if message == "" and "message" in value:
            message = value["message"]
    
        screen = None  # type: ignore[assignment]
        if "screen" in value:
            screen = value["screen"]
    
        stacktrace = None
        st_value = value.get("stackTrace") or value.get("stacktrace")
        if st_value:
            if isinstance(st_value, str):
                stacktrace = st_value.split("\n")
            else:
                stacktrace = []
                try:
                    for frame in st_value:
                        line = frame.get("lineNumber", "")
                        file = frame.get("fileName", "&lt;anonymous&gt;")
                        if line:
                            file = f"{file}:{line}"
                        meth = frame.get("methodName", "&lt;anonymous&gt;")
                        if "className" in frame:
                            meth = f"{frame['className']}.{meth}"
                        msg = "    at %s (%s)"
                        msg = msg % (meth, file)
                        stacktrace.append(msg)
                except TypeError:
                    pass
        if exception_class == UnexpectedAlertPresentException:
            alert_text = None
            if "data" in value:
                alert_text = value["data"].get("text")
            elif "alert" in value:
                alert_text = value["alert"].get("text")
            raise exception_class(message, screen, stacktrace, alert_text)  # type: ignore[call-arg]  # mypy is not smart enough here
&gt;       raise exception_class(message, screen, stacktrace)
E       selenium.common.exceptions.NoSuchElementException: Message: no such element: Unable to locate element: {"method":"css selector","selector":"[id="id_gender1"]"}
E         (Session info: chrome=131.0.6778.140); For documentation on this error, please visit: https://www.selenium.dev/documentation/webdriver/troubleshooting/errors#no-such-element-exception
E       Stacktrace:
E       	GetHandleVerifier [0x00007FF711756CC5+28821]
E       	(No symbol) [0x00007FF7116C3850]
E       	(No symbol) [0x00007FF71156578A]
E       	(No symbol) [0x00007FF7115B91BE]
E       	(No symbol) [0x00007FF7115B94AC]
E       	(No symbol) [0x00007FF711602647]
E       	(No symbol) [0x00007FF7115DF33F]
E       	(No symbol) [0x00007FF7115FF412]
E       	(No symbol) [0x00007FF7115DF0A3]
E       	(No symbol) [0x00007FF7115AA778]
E       	(No symbol) [0x00007FF7115AB8E1]
E       	GetHandleVerifier [0x00007FF711A8FCCD+3408029]
E       	GetHandleVerifier [0x00007FF711AA743F+3504143]
E       	GetHandleVerifier [0x00007FF711A9B61D+3455469]
E       	GetHandleVerifier [0x00007FF71181BDCB+835995]
E       	(No symbol) [0x00007FF7116CEB6F]
E       	(No symbol) [0x00007FF7116CA824]
E       	(No symbol) [0x00007FF7116CA9BD]
E       	(No symbol) [0x00007FF7116BA1A9]
E       	BaseThreadInitThunk [0x00007FFAE040259D+29]
E       	RtlUserThreadStart [0x00007FFAE0F2AF38+40]

..\..\..\AppData\Local\Programs\Python\Python312\Lib\site-packages\selenium\webdriver\remote\errorhandler.py:232: NoSuchElementException</failure></testcase><testcase classname="Registration_test.TestRegistration" name="test_registration[getData1]" time="12.607" /><testcase classname="Registration_test.TestRegistration" name="test_registration[getData2]" time="10.716" /><testcase classname="Registration_test.TestRegistration" name="test_registration[getData3]" time="9.641" /><testcase classname="test_login.TestLogin" name="test_loginpage" time="10.238" /><testcase classname="test_page.TestHomepage" name="test_women" time="8.293" /></testsuite></testsuites>